1524694659986	geckodriver	INFO	geckodriver 0.20.1
1524694660000	geckodriver	INFO	Listening on 127.0.0.1:50478
1524694661018	mozrunner::runner	INFO	Running command: "/Applications/Firefox.app/Contents/MacOS/firefox-bin" "-marionette" "-profile" "/var/folders/cv/b_mgc2v11ljcs7dbf4y4bfk40000gn/T/rust_mozprofile.dQsEOKh9USNE"
1524694661816	Marionette	INFO	Enabled via --marionette
2018-04-25 18:17:43.112 plugin-container[7209:1897026] *** CFMessagePort: bootstrap_register(): failed 1100 (0x44c) 'Permission denied', port = 0x7a47, name = 'com.apple.tsm.portname'
See /usr/include/servers/bootstrap_defs.h for the error codes.
1524694663660	Marionette	INFO	Listening on port 50484
1524694663732	Marionette	WARN	TLS certificate errors will be ignored for this session
2018-04-25 18:17:44.197 plugin-container[7213:1897111] *** CFMessagePort: bootstrap_register(): failed 1100 (0x44c) 'Permission denied', port = 0x793f, name = 'com.apple.tsm.portname'
See /usr/include/servers/bootstrap_defs.h for the error codes.
1524694676273	geckodriver	INFO	geckodriver 0.20.1
1524694676278	geckodriver	INFO	Listening on 127.0.0.1:50601
1524694677296	mozrunner::runner	INFO	Running command: "/Applications/Firefox.app/Contents/MacOS/firefox-bin" "-marionette" "-profile" "/var/folders/cv/b_mgc2v11ljcs7dbf4y4bfk40000gn/T/rust_mozprofile.5pTOZqX9NR6G"
1524694677768	Marionette	INFO	Enabled via --marionette
2018-04-25 18:17:58.819 plugin-container[7219:1897525] *** CFMessagePort: bootstrap_register(): failed 1100 (0x44c) 'Permission denied', port = 0x8643, name = 'com.apple.tsm.portname'
See /usr/include/servers/bootstrap_defs.h for the error codes.
1524694679254	Marionette	INFO	Listening on port 50608
1524694679282	Marionette	WARN	TLS certificate errors will be ignored for this session
2018-04-25 18:17:59.682 plugin-container[7220:1897600] *** CFMessagePort: bootstrap_register(): failed 1100 (0x44c) 'Permission denied', port = 0x843f, name = 'com.apple.tsm.portname'
See /usr/include/servers/bootstrap_defs.h for the error codes.
1525189396909	geckodriver	INFO	geckodriver 0.20.1
1525189396922	geckodriver	INFO	Listening on 127.0.0.1:58351
1525189397943	mozrunner::runner	INFO	Running command: "/Applications/Firefox.app/Contents/MacOS/firefox-bin" "-marionette" "-profile" "/var/folders/cv/b_mgc2v11ljcs7dbf4y4bfk40000gn/T/rust_mozprofile.VPEGZHq72PwZ"
1525189398716	Marionette	INFO	Enabled via --marionette
2018-05-01 11:43:19.768 plugin-container[8710:2400526] *** CFMessagePort: bootstrap_register(): failed 1100 (0x44c) 'Permission denied', port = 0x843f, name = 'com.apple.tsm.portname'
See /usr/include/servers/bootstrap_defs.h for the error codes.
1525189400182	Marionette	INFO	Listening on port 58357
1525189400238	Marionette	WARN	TLS certificate errors will be ignored for this session
2018-05-01 11:43:20.647 plugin-container[8711:2400602] *** CFMessagePort: bootstrap_register(): failed 1100 (0x44c) 'Permission denied', port = 0x783f, name = 'com.apple.tsm.portname'
See /usr/include/servers/bootstrap_defs.h for the error codes.
1525189636008	geckodriver	INFO	geckodriver 0.20.1
1525189636018	geckodriver	INFO	Listening on 127.0.0.1:58486
1525189637036	mozrunner::runner	INFO	Running command: "/Applications/Firefox.app/Contents/MacOS/firefox-bin" "-marionette" "-profile" "/var/folders/cv/b_mgc2v11ljcs7dbf4y4bfk40000gn/T/rust_mozprofile.hS0zsqa4AJGv"
1525189637496	Marionette	INFO	Enabled via --marionette
2018-05-01 11:47:18.391 plugin-container[8722:2403948] *** CFMessagePort: bootstrap_register(): failed 1100 (0x44c) 'Permission denied', port = 0x8043, name = 'com.apple.tsm.portname'
See /usr/include/servers/bootstrap_defs.h for the error codes.
1525189638780	Marionette	INFO	Listening on port 58492
1525189638814	Marionette	WARN	TLS certificate errors will be ignored for this session
2018-05-01 11:47:19.216 plugin-container[8723:2404031] *** CFMessagePort: bootstrap_register(): failed 1100 (0x44c) 'Permission denied', port = 0x893f, name = 'com.apple.tsm.portname'
See /usr/include/servers/bootstrap_defs.h for the error codes.
2018-05-01 11:55:12.363 plugin-container[8751:2409247] *** CFMessagePort: bootstrap_register(): failed 1100 (0x44c) 'Permission denied', port = 0x7903, name = 'com.apple.tsm.portname'
See /usr/include/servers/bootstrap_defs.h for the error codes.
2018-05-01 12:00:47.905 plugin-container[8770:2413046] *** CFMessagePort: bootstrap_register(): failed 1100 (0x44c) 'Permission denied', port = 0x823f, name = 'com.apple.tsm.portname'
See /usr/include/servers/bootstrap_defs.h for the error codes.
2018-05-01 12:01:28.038 plugin-container[8775:2413885] *** CFMessagePort: bootstrap_register(): failed 1100 (0x44c) 'Permission denied', port = 0x7a03, name = 'com.apple.tsm.portname'
See /usr/include/servers/bootstrap_defs.h for the error codes.
2018-05-01 12:01:37.197 plugin-container[8776:2414027] *** CFMessagePort: bootstrap_register(): failed 1100 (0x44c) 'Permission denied', port = 0x813f, name = 'com.apple.tsm.portname'
See /usr/include/servers/bootstrap_defs.h for the error codes.
1525190784786	geckodriver	INFO	geckodriver 0.20.1
1525190784794	geckodriver	INFO	Listening on 127.0.0.1:58863
1525190784808	mozrunner::runner	INFO	Running command: "/Applications/Firefox.app/Contents/MacOS/firefox-bin" "-marionette" "-profile" "/var/folders/cv/b_mgc2v11ljcs7dbf4y4bfk40000gn/T/rust_mozprofile.szyAt2Z5tElT"
1525190785280	Marionette	INFO	Enabled via --marionette
2018-05-01 12:06:26.128 plugin-container[8802:2418032] *** CFMessagePort: bootstrap_register(): failed 1100 (0x44c) 'Permission denied', port = 0x833f, name = 'com.apple.tsm.portname'
See /usr/include/servers/bootstrap_defs.h for the error codes.
1525190786502	Marionette	INFO	Listening on port 58867
1525190786570	Marionette	WARN	TLS certificate errors will be ignored for this session
2018-05-01 12:06:27.011 plugin-container[8803:2418115] *** CFMessagePort: bootstrap_register(): failed 1100 (0x44c) 'Permission denied', port = 0x7c3f, name = 'com.apple.tsm.portname'
See /usr/include/servers/bootstrap_defs.h for the error codes.
2018-05-02 17:26:50.298 plugin-container[9371:2545265] *** CFMessagePort: bootstrap_register(): failed 1100 (0x44c) 'Permission denied', port = 0x773f, name = 'com.apple.tsm.portname'
See /usr/include/servers/bootstrap_defs.h for the error codes.
1525381777777	geckodriver	INFO	geckodriver 0.20.1
1525381777791	geckodriver	INFO	Listening on 127.0.0.1:65050
1525381778816	mozrunner::runner	INFO	Running command: "/Applications/Firefox.app/Contents/MacOS/firefox-bin" "-marionette" "-profile" "/var/folders/cv/b_mgc2v11ljcs7dbf4y4bfk40000gn/T/rust_mozprofile.7DsJQQnEMbFU"
1525381779636	Marionette	INFO	Enabled via --marionette
2018-05-03 17:09:40.750 plugin-container[11167:3003830] *** CFMessagePort: bootstrap_register(): failed 1100 (0x44c) 'Permission denied', port = 0x8443, name = 'com.apple.tsm.portname'
See /usr/include/servers/bootstrap_defs.h for the error codes.
1525381781300	Marionette	INFO	Listening on port 65059
1525381781400	Marionette	WARN	TLS certificate errors will be ignored for this session
2018-05-03 17:09:41.839 plugin-container[11168:3003937] *** CFMessagePort: bootstrap_register(): failed 1100 (0x44c) 'Permission denied', port = 0x8903, name = 'com.apple.tsm.portname'
See /usr/include/servers/bootstrap_defs.h for the error codes.
1525381988348	geckodriver	INFO	geckodriver 0.20.1
1525381988365	geckodriver	INFO	Listening on 127.0.0.1:65164
1525381989387	mozrunner::runner	INFO	Running command: "/Applications/Firefox.app/Contents/MacOS/firefox-bin" "-marionette" "-profile" "/var/folders/cv/b_mgc2v11ljcs7dbf4y4bfk40000gn/T/rust_mozprofile.D1xeeC2upx6T"
1525381990026	Marionette	INFO	Enabled via --marionette
2018-05-03 17:13:11.158 plugin-container[11183:3006508] *** CFMessagePort: bootstrap_register(): failed 1100 (0x44c) 'Permission denied', port = 0x7c3f, name = 'com.apple.tsm.portname'
See /usr/include/servers/bootstrap_defs.h for the error codes.
1525381991608	Marionette	INFO	Listening on port 65173
1525381991680	Marionette	WARN	TLS certificate errors will be ignored for this session
2018-05-03 17:13:12.083 plugin-container[11184:3006598] *** CFMessagePort: bootstrap_register(): failed 1100 (0x44c) 'Permission denied', port = 0x7e43, name = 'com.apple.tsm.portname'
See /usr/include/servers/bootstrap_defs.h for the error codes.
2018-05-03 23:05:02.194 plugin-container[11302:3035979] *** CFMessagePort: bootstrap_register(): failed 1100 (0x44c) 'Permission denied', port = 0x7d43, name = 'com.apple.tsm.portname'
See /usr/include/servers/bootstrap_defs.h for the error codes.
JavaScript error: https://s0.2mdn.net/6144662/1482430529765/toronto-general-growing-industries-300x250/scripts/main.js, line 1: TypeError: window.callPhantom is not a function
2018-05-04 19:55:36.589 plugin-container[11421:3057861] *** CFMessagePort: bootstrap_register(): failed 1100 (0x44c) 'Permission denied', port = 0x8a0b, name = 'com.apple.tsm.portname'
See /usr/include/servers/bootstrap_defs.h for the error codes.
2018-05-04 19:56:24.303 plugin-container[11434:3059014] *** CFMessagePort: bootstrap_register(): failed 1100 (0x44c) 'Permission denied', port = 0x8643, name = 'com.apple.tsm.portname'
See /usr/include/servers/bootstrap_defs.h for the error codes.
1526171564984	geckodriver	INFO	geckodriver 0.20.1
1526171564992	geckodriver	INFO	Listening on 127.0.0.1:51521
1526171565011	mozrunner::runner	INFO	Running command: "/Applications/Firefox.app/Contents/MacOS/firefox-bin" "-marionette" "-profile" "/var/folders/cv/b_mgc2v11ljcs7dbf4y4bfk40000gn/T/rust_mozprofile.h09bb85Z2QNg"
1526171565488	Marionette	INFO	Enabled via --marionette
2018-05-12 20:32:46.344 plugin-container[2234:235664] *** CFMessagePort: bootstrap_register(): failed 1100 (0x44c) 'Permission denied', port = 0x803f, name = 'com.apple.tsm.portname'
See /usr/include/servers/bootstrap_defs.h for the error codes.
1526171566710	Marionette	INFO	Listening on port 51525
1526171566784	Marionette	WARN	TLS certificate errors will be ignored for this session
2018-05-12 20:32:47.214 plugin-container[2235:235741] *** CFMessagePort: bootstrap_register(): failed 1100 (0x44c) 'Permission denied', port = 0x793f, name = 'com.apple.tsm.portname'
See /usr/include/servers/bootstrap_defs.h for the error codes.
1526171690442	geckodriver	INFO	geckodriver 0.20.1
1526171690451	geckodriver	INFO	Listening on 127.0.0.1:51632
1526171691467	mozrunner::runner	INFO	Running command: "/Applications/Firefox.app/Contents/MacOS/firefox-bin" "-marionette" "-profile" "/var/folders/cv/b_mgc2v11ljcs7dbf4y4bfk40000gn/T/rust_mozprofile.9Pqbmj2SZgyk"
1526171691932	Marionette	INFO	Enabled via --marionette
2018-05-12 20:34:52.807 plugin-container[2242:238426] *** CFMessagePort: bootstrap_register(): failed 1100 (0x44c) 'Permission denied', port = 0x7e43, name = 'com.apple.tsm.portname'
See /usr/include/servers/bootstrap_defs.h for the error codes.
1526171693200	Marionette	INFO	Listening on port 51638
1526171693256	Marionette	WARN	TLS certificate errors will be ignored for this session
2018-05-12 20:34:53.719 plugin-container[2243:238534] *** CFMessagePort: bootstrap_register(): failed 1100 (0x44c) 'Permission denied', port = 0x843f, name = 'com.apple.tsm.portname'
See /usr/include/servers/bootstrap_defs.h for the error codes.
JavaScript error: https://d2oz8i5n9se8ej.cloudfront.net/assets/application-b718a456b5a54ae33c95790e3b5c5a37f04922fdaa2f5fbe2fd0632c9808fe2f.js, line 138: ReferenceError: Wistia is not defined
2018-06-06 12:12:01.954 plugin-container[11194:2081634] *** CFMessagePort: bootstrap_register(): failed 1100 (0x44c) 'Permission denied', port = 0x7643, name = 'com.apple.tsm.portname'
See /usr/include/servers/bootstrap_defs.h for the error codes.
JavaScript error: https://www.babycenter.ca/webassets/INTL.2018.012.afd5258.20180604160750/js-min/global/bc.js.pagespeed.jm.KSJD5mv8bV.js, line 1: ReferenceError: bc is not defined
JavaScript error: https://www.babycenter.ca/webassets/INTL.2018.012.afd5258.20180604160750/js-min/global/bc.js.pagespeed.jm.KSJD5mv8bV.js, line 1: ReferenceError: bc is not defined
JavaScript error: https://cdn.districtm.ca/dragonfly_2.js, line 1: SecurityError: Permission denied to access property "districtm_element_id" on cross-origin object
